{"/Users/christopherholfve/LAH/Client/src/App.jsx": {"path":"/Users/christopherholfve/LAH/Client/src/App.jsx","statementMap":{"0":{"start":{"line":28,"column":2},"end":{"line":32,"column":null}}},"fnMap":{"0":{"name":"App","decl":{"start":{"line":27,"column":24},"end":{"line":27,"column":30}},"loc":{"start":{"line":27,"column":30},"end":{"line":34,"column":null}},"line":27}},"branchMap":{},"s":{"0":1},"f":{"0":1},"b":{},"meta":{"lastBranch":0,"lastFunction":1,"lastStatement":1,"seen":{"f:27:24:27:30":0,"s:28:2:32:Infinity":0}}}
}
